{"type":"server-started","port":53067,"host":"127.0.0.1","url_host":"localhost","url":"http://localhost:53067","screen_dir":"/Users/lifeiyang/Desktop/yinian-jianghu/.superpowers/brainstorm/17825-1779349712/content","state_dir":"/Users/lifeiyang/Desktop/yinian-jianghu/.superpowers/brainstorm/17825-1779349712/state"}
{"type":"screen-added","file":"/Users/lifeiyang/Desktop/yinian-jianghu/.superpowers/brainstorm/17825-1779349712/content/waiting.html"}
{"type":"screen-updated","file":"/Users/lifeiyang/Desktop/yinian-jianghu/.superpowers/brainstorm/17825-1779349712/content/waiting.html"}
{"type":"screen-updated","file":"/Users/lifeiyang/Desktop/yinian-jianghu/.superpowers/brainstorm/17825-1779349712/content/waiting.html"}
{"type":"screen-added","file":"/Users/lifeiyang/Desktop/yinian-jianghu/.superpowers/brainstorm/17825-1779349712/content/factions.html"}
{"type":"screen-updated","file":"/Users/lifeiyang/Desktop/yinian-jianghu/.superpowers/brainstorm/17825-1779349712/content/factions.html"}
{"type":"screen-updated","file":"/Users/lifeiyang/Desktop/yinian-jianghu/.superpowers/brainstorm/17825-1779349712/content/factions.html"}
{"source":"user-event","type":"click","text":"二\n    🪷\n    正道\n    灵隐宗\n    佛家底色 · 禅武宗\n    山中古刹，以医术和调解著称。从不主动介入纷争，却常常成为各方谈判的中间人。是主角最容易获得庇护的地方。\n    代表武学：金刚护体功 / 慈悲杖法\n    \n      中立调停医毒双绝信息来源广","choice":"lingyin","id":null,"timestamp":1779350580366}
{"source":"user-event","type":"click","text":"二\n    🪷\n    正道\n    灵隐宗\n    佛家底色 · 禅武宗\n    山中古刹，以医术和调解著称。从不主动介入纷争，却常常成为各方谈判的中间人。是主角最容易获得庇护的地方。\n    代表武学：金刚护体功 / 慈悲杖法\n    \n      中立调停医毒双绝信息来源广","choice":"lingyin","id":null,"timestamp":1779350581109}
{"source":"user-event","type":"click","text":"二\n    🪷\n    正道\n    灵隐宗\n    佛家底色 · 禅武宗\n    山中古刹，以医术和调解著称。从不主动介入纷争，却常常成为各方谈判的中间人。是主角最容易获得庇护的地方。\n    代表武学：金刚护体功 / 慈悲杖法\n    \n      中立调停医毒双绝信息来源广","choice":"lingyin","id":null,"timestamp":1779350582090}
{"type":"screen-updated","file":"/Users/lifeiyang/Desktop/yinian-jianghu/.superpowers/brainstorm/17825-1779349712/content/factions.html"}
{"source":"user-event","type":"click","text":"一\n    ⚔️\n    正道\n    青云门\n    儒家底色 · 剑宗\n    江湖执法者，与朝廷关系暧昧。门规严苛，以「义」字当先。表面是正派支柱，实则对太虚观的异动早有察觉却选择沉默。\n    代表武学：文剑十三式（招式取自书法笔法）\n    \n      政治嗅觉强剑法刚正内部保守","choice":"qingyun","id":null,"timestamp":1779350588856}
{"source":"user-event","type":"click","text":"二\n    🪷\n    正道\n    灵隐宗\n    佛家底色 · 禅武宗\n    山中古刹，以医术和调解著称。从不主动介入纷争，却常常成为各方谈判的中间人。是主角最容易获得庇护的地方。\n    代表武学：金刚护体功 / 慈悲杖法\n    \n      中立调停医毒双绝信息来源广","choice":"lingyin","id":null,"timestamp":1779350589582}
{"source":"user-event","type":"click","text":"三\n    ☯️\n    正道\n    太虚观\n    道家底色 · 内家宗\n    表面超然物外，暗中经营已久。掌门玄机子以「无为」为名，行「有为」之实。主角所听到的秘密，正是从这里泄出。\n    代表武学：太虚剑意 / 无形气劲\n    \n      内功深厚城府极深消息封锁\n    \n    ⚠️ 核心秘密持有者 · 与血煞堂有十年密约","choice":"taixu","id":null,"timestamp":1779350590185}
{"source":"user-event","type":"click","text":"三\n    ☯️\n    正道\n    太虚观\n    道家底色 · 内家宗\n    表面超然物外，暗中经营已久。掌门玄机子以「无为」为名，行「有为」之实。主角所听到的秘密，正是从这里泄出。\n    代表武学：太虚剑意 / 无形气劲\n    \n      内功深厚城府极深消息封锁\n    \n    ⚠️ 核心秘密持有者 · 与血煞堂有十年密约","choice":"taixu","id":null,"timestamp":1779350590604}
{"source":"user-event","type":"click","text":"二\n    🪷\n    正道\n    灵隐宗\n    佛家底色 · 禅武宗\n    山中古刹，以医术和调解著称。从不主动介入纷争，却常常成为各方谈判的中间人。是主角最容易获得庇护的地方。\n    代表武学：金刚护体功 / 慈悲杖法\n    \n      中立调停医毒双绝信息来源广","choice":"lingyin","id":null,"timestamp":1779350591031}
{"source":"user-event","type":"click","text":"二\n    🪷\n    正道\n    灵隐宗\n    佛家底色 · 禅武宗\n    山中古刹，以医术和调解著称。从不主动介入纷争，却常常成为各方谈判的中间人。是主角最容易获得庇护的地方。\n    代表武学：金刚护体功 / 慈悲杖法\n    \n      中立调停医毒双绝信息来源广","choice":"lingyin","id":null,"timestamp":1779350591563}
{"type":"screen-added","file":"/Users/lifeiyang/Desktop/yinian-jianghu/.superpowers/brainstorm/17825-1779349712/content/npcs.html"}
{"type":"screen-updated","file":"/Users/lifeiyang/Desktop/yinian-jianghu/.superpowers/brainstorm/17825-1779349712/content/npcs.html"}
{"type":"screen-updated","file":"/Users/lifeiyang/Desktop/yinian-jianghu/.superpowers/brainstorm/17825-1779349712/content/npcs.html"}
{"type":"screen-updated","file":"/Users/lifeiyang/Desktop/yinian-jianghu/.superpowers/brainstorm/17825-1779349712/content/npcs.html"}
{"type":"server-stopped","reason":"idle timeout"}
